Commit 1 on Wed Sep 11 22:06:01 EDT 2024
Commit 1 on Wed Sep 11 22:10:20 EDT 2024
Commit 2 on Wed Sep 11 22:10:20 EDT 2024
Commit 3 on Wed Sep 11 22:10:20 EDT 2024
Commit 4 on Wed Sep 11 22:10:20 EDT 2024
Commit 5 on Wed Sep 11 22:10:20 EDT 2024
Commit 6 on Wed Sep 11 22:10:20 EDT 2024
Commit 7 on Wed Sep 11 22:10:20 EDT 2024
Commit 8 on Wed Sep 11 22:10:20 EDT 2024
Commit 9 on Wed Sep 11 22:10:20 EDT 2024
Commit 10 on Wed Sep 11 22:10:20 EDT 2024
Commit 11 on Wed Sep 11 22:10:20 EDT 2024
Commit 12 on Wed Sep 11 22:10:20 EDT 2024
Commit 13 on Wed Sep 11 22:10:20 EDT 2024
Commit 14 on Wed Sep 11 22:10:20 EDT 2024
Commit 15 on Wed Sep 11 22:10:20 EDT 2024
Commit 16 on Wed Sep 11 22:10:20 EDT 2024
Commit 1 on Wed Sep 11 22:15:20 EDT 2024
Commit 2 on Wed Sep 11 22:15:20 EDT 2024
Commit 3 on Wed Sep 11 22:15:20 EDT 2024
Commit 4 on Wed Sep 11 22:15:20 EDT 2024
Commit 5 on Wed Sep 11 22:15:20 EDT 2024
Commit 1 on Thu Sep 12 12:00:14 EDT 2024
Commit 2 on Thu Sep 12 12:00:14 EDT 2024
Commit 3 on Thu Sep 12 12:00:14 EDT 2024
Commit 4 on Thu Sep 12 12:00:14 EDT 2024
Commit 5 on Thu Sep 12 12:00:14 EDT 2024
Commit 6 on Thu Sep 12 12:00:14 EDT 2024
Commit 7 on Thu Sep 12 12:00:14 EDT 2024
Commit 8 on Thu Sep 12 12:00:14 EDT 2024
Commit 9 on Thu Sep 12 12:00:14 EDT 2024
Commit 10 on Thu Sep 12 12:00:14 EDT 2024
Commit 11 on Thu Sep 12 12:00:14 EDT 2024
Commit 12 on Thu Sep 12 12:00:14 EDT 2024
Commit 13 on Thu Sep 12 12:00:14 EDT 2024
Commit 14 on Thu Sep 12 12:00:14 EDT 2024
Commit 15 on Thu Sep 12 12:00:14 EDT 2024
Commit 16 on Thu Sep 12 12:00:14 EDT 2024
Commit 17 on Thu Sep 12 12:00:15 EDT 2024
Commit 18 on Thu Sep 12 12:00:15 EDT 2024
Commit 1 on Fri Sep 13 12:00:59 EDT 2024
Commit 2 on Fri Sep 13 12:00:59 EDT 2024
Commit 3 on Fri Sep 13 12:00:59 EDT 2024
Commit 1 on Sat Sep 14 12:00:16 EDT 2024
Commit 2 on Sat Sep 14 12:00:16 EDT 2024
Commit 3 on Sat Sep 14 12:00:16 EDT 2024
Commit 1 on Sun Sep 15 12:04:47 EDT 2024
Commit 2 on Sun Sep 15 12:04:47 EDT 2024
Commit 3 on Sun Sep 15 12:04:47 EDT 2024
Commit 4 on Sun Sep 15 12:04:47 EDT 2024
Commit 5 on Sun Sep 15 12:04:47 EDT 2024
Commit 6 on Sun Sep 15 12:04:47 EDT 2024
Commit 7 on Sun Sep 15 12:04:47 EDT 2024
Commit 8 on Sun Sep 15 12:04:47 EDT 2024
Commit 9 on Sun Sep 15 12:04:47 EDT 2024
Commit 10 on Sun Sep 15 12:04:47 EDT 2024
Commit 1 on Mon Sep 16 12:00:37 EDT 2024
Commit 2 on Mon Sep 16 12:00:37 EDT 2024
Commit 3 on Mon Sep 16 12:00:37 EDT 2024
Commit 4 on Mon Sep 16 12:00:37 EDT 2024
Commit 5 on Mon Sep 16 12:00:37 EDT 2024
Commit 6 on Mon Sep 16 12:00:37 EDT 2024
Commit 7 on Mon Sep 16 12:00:37 EDT 2024
Commit 8 on Mon Sep 16 12:00:37 EDT 2024
Commit 9 on Mon Sep 16 12:00:37 EDT 2024
Commit 10 on Mon Sep 16 12:00:37 EDT 2024
Commit 1 on Tue Sep 17 12:00:22 EDT 2024
Commit 2 on Tue Sep 17 12:00:22 EDT 2024
Commit 3 on Tue Sep 17 12:00:22 EDT 2024
Commit 4 on Tue Sep 17 12:00:22 EDT 2024
Commit 5 on Tue Sep 17 12:00:22 EDT 2024
Commit 1 on Wed Sep 18 12:00:03 EDT 2024
Commit 2 on Wed Sep 18 12:00:03 EDT 2024
Commit 3 on Wed Sep 18 12:00:03 EDT 2024
Commit 4 on Wed Sep 18 12:00:03 EDT 2024
Commit 5 on Wed Sep 18 12:00:03 EDT 2024
Commit 6 on Wed Sep 18 12:00:03 EDT 2024
Commit 7 on Wed Sep 18 12:00:03 EDT 2024
Commit 8 on Wed Sep 18 12:00:03 EDT 2024
Commit 9 on Wed Sep 18 12:00:03 EDT 2024
Commit 10 on Wed Sep 18 12:00:03 EDT 2024
Commit 11 on Wed Sep 18 12:00:03 EDT 2024
Commit 12 on Wed Sep 18 12:00:03 EDT 2024
Commit 13 on Wed Sep 18 12:00:03 EDT 2024
Commit 14 on Wed Sep 18 12:00:03 EDT 2024
Commit 1 on Thu Sep 19 12:00:39 EDT 2024
Commit 2 on Thu Sep 19 12:00:39 EDT 2024
Commit 3 on Thu Sep 19 12:00:39 EDT 2024
Commit 4 on Thu Sep 19 12:00:39 EDT 2024
Commit 5 on Thu Sep 19 12:00:39 EDT 2024
Commit 6 on Thu Sep 19 12:00:39 EDT 2024
Commit 7 on Thu Sep 19 12:00:39 EDT 2024
Commit 8 on Thu Sep 19 12:00:39 EDT 2024
Commit 9 on Thu Sep 19 12:00:39 EDT 2024
Commit 10 on Thu Sep 19 12:00:39 EDT 2024
Commit 11 on Thu Sep 19 12:00:39 EDT 2024
Commit 12 on Thu Sep 19 12:00:39 EDT 2024
Commit 13 on Thu Sep 19 12:00:39 EDT 2024
Commit 14 on Thu Sep 19 12:00:39 EDT 2024
Commit 1 on Fri Sep 20 12:31:26 EDT 2024
Commit 2 on Fri Sep 20 12:31:26 EDT 2024
Commit 3 on Fri Sep 20 12:31:26 EDT 2024
Commit 4 on Fri Sep 20 12:31:26 EDT 2024
